2023-05-15 12:33:38,410 INFO [main] c.n.c.MapperTests [StartupInfoLogger.java:51] Starting MapperTests using Java 17.0.6 with PID 16760 (started by Dyouble in E:\work\project\community)
2023-05-15 12:33:38,417 INFO [main] c.n.c.MapperTests [SpringApplication.java:632] No active profile set, falling back to 1 default profile: "default"
2023-05-15 12:33:40,789 INFO [main] o.s.b.a.w.s.WelcomePageHandlerMapping [WelcomePageHandlerMapping.java:56] Adding welcome page template: index
2023-05-15 12:33:41,224 INFO [main] c.n.c.MapperTests [StartupInfoLogger.java:57] Started MapperTests in 3.573 seconds (process running for 5.292)
2023-05-15 12:33:42,246 INFO [main] c.z.h.HikariDataSource [HikariDataSource.java:110] HikariPool-1 - Starting...
2023-05-15 12:33:42,659 INFO [main] c.z.h.p.HikariPool [HikariPool.java:565] HikariPool-1 - Added connection com.mysql.cj.jdbc.ConnectionImpl@100807ca
2023-05-15 12:33:42,665 INFO [main] c.z.h.HikariDataSource [HikariDataSource.java:123] HikariPool-1 - Start completed.
2023-05-15 12:33:42,848 INFO [SpringApplicationShutdownHook] c.z.h.HikariDataSource [HikariDataSource.java:350] HikariPool-1 - Shutdown initiated...
2023-05-15 12:33:42,862 INFO [SpringApplicationShutdownHook] c.z.h.HikariDataSource [HikariDataSource.java:352] HikariPool-1 - Shutdown completed.
2023-05-15 12:35:20,128 INFO [main] c.n.c.MapperTests [StartupInfoLogger.java:51] Starting MapperTests using Java 17.0.6 with PID 10052 (started by Dyouble in E:\work\project\community)
2023-05-15 12:35:20,132 INFO [main] c.n.c.MapperTests [SpringApplication.java:632] No active profile set, falling back to 1 default profile: "default"
2023-05-15 12:35:22,040 INFO [main] o.s.b.a.w.s.WelcomePageHandlerMapping [WelcomePageHandlerMapping.java:56] Adding welcome page template: index
2023-05-15 12:35:22,407 INFO [main] c.n.c.MapperTests [StartupInfoLogger.java:57] Started MapperTests in 2.858 seconds (process running for 4.247)
2023-05-15 12:35:23,048 INFO [main] c.z.h.HikariDataSource [HikariDataSource.java:110] HikariPool-1 - Starting...
2023-05-15 12:35:23,287 INFO [main] c.z.h.p.HikariPool [HikariPool.java:565] HikariPool-1 - Added connection com.mysql.cj.jdbc.ConnectionImpl@2ecdf528
2023-05-15 12:35:23,290 INFO [main] c.z.h.HikariDataSource [HikariDataSource.java:123] HikariPool-1 - Start completed.
2023-05-15 12:35:23,537 INFO [SpringApplicationShutdownHook] c.z.h.HikariDataSource [HikariDataSource.java:350] HikariPool-1 - Shutdown initiated...
2023-05-15 12:35:23,545 INFO [SpringApplicationShutdownHook] c.z.h.HikariDataSource [HikariDataSource.java:352] HikariPool-1 - Shutdown completed.
2023-05-15 13:02:50,217 INFO [main] c.n.c.MapperTests [StartupInfoLogger.java:51] Starting MapperTests using Java 17.0.6 with PID 6492 (started by Dyouble in E:\work\project\community)
2023-05-15 13:02:50,219 INFO [main] c.n.c.MapperTests [SpringApplication.java:632] No active profile set, falling back to 1 default profile: "default"
2023-05-15 13:02:52,137 INFO [main] o.s.b.a.w.s.WelcomePageHandlerMapping [WelcomePageHandlerMapping.java:56] Adding welcome page template: index
2023-05-15 13:02:52,532 INFO [main] c.n.c.MapperTests [StartupInfoLogger.java:57] Started MapperTests in 2.736 seconds (process running for 3.87)
2023-05-15 13:02:53,278 INFO [main] c.z.h.HikariDataSource [HikariDataSource.java:110] HikariPool-1 - Starting...
2023-05-15 13:02:53,535 INFO [main] c.z.h.p.HikariPool [HikariPool.java:565] HikariPool-1 - Added connection com.mysql.cj.jdbc.ConnectionImpl@76db9048
2023-05-15 13:02:53,538 INFO [main] c.z.h.HikariDataSource [HikariDataSource.java:123] HikariPool-1 - Start completed.
2023-05-15 13:02:53,770 INFO [SpringApplicationShutdownHook] c.z.h.HikariDataSource [HikariDataSource.java:350] HikariPool-1 - Shutdown initiated...
2023-05-15 13:02:53,779 INFO [SpringApplicationShutdownHook] c.z.h.HikariDataSource [HikariDataSource.java:352] HikariPool-1 - Shutdown completed.
2023-05-15 16:23:59,753 INFO [restartedMain] c.n.c.Demo3Application [StartupInfoLogger.java:51] Starting Demo3Application using Java 17.0.6 with PID 10836 (E:\work\project\community\target\classes started by Dyouble in E:\work\project\community)
2023-05-15 16:23:59,757 INFO [restartedMain] c.n.c.Demo3Application [SpringApplication.java:632] No active profile set, falling back to 1 default profile: "default"
2023-05-15 16:23:59,827 INFO [restartedMain] o.s.b.d.e.DevToolsPropertyDefaultsPostProcessor [DeferredLog.java:250] Devtools property defaults active! Set 'spring.devtools.add-properties' to 'false' to disable
2023-05-15 16:23:59,829 INFO [restartedMain] o.s.b.d.e.DevToolsPropertyDefaultsPostProcessor [DeferredLog.java:250] For additional web related logging consider setting the 'logging.level.web' property to 'DEBUG'
2023-05-15 16:24:01,110 INFO [restartedMain] o.s.b.w.e.t.TomcatWebServer [TomcatWebServer.java:108] Tomcat initialized with port(s): 8080 (http)
2023-05-15 16:24:01,122 INFO [restartedMain] o.a.c.h.Http11NioProtocol [DirectJDKLog.java:173] Initializing ProtocolHandler ["http-nio-8080"]
2023-05-15 16:24:01,123 INFO [restartedMain] o.a.c.c.StandardService [DirectJDKLog.java:173] Starting service [Tomcat]
2023-05-15 16:24:01,124 INFO [restartedMain] o.a.c.c.StandardEngine [DirectJDKLog.java:173] Starting Servlet engine: [Apache Tomcat/10.1.5]
2023-05-15 16:24:01,192 INFO [restartedMain] o.a.c.c.C.[.[.[/community] [DirectJDKLog.java:173] Initializing Spring embedded WebApplicationContext
2023-05-15 16:24:01,193 INFO [restartedMain] o.s.b.w.s.c.ServletWebServerApplicationContext [ServletWebServerApplicationContext.java:291] Root WebApplicationContext: initialization completed in 1363 ms
2023-05-15 16:24:01,764 INFO [restartedMain] o.s.b.a.w.s.WelcomePageHandlerMapping [WelcomePageHandlerMapping.java:56] Adding welcome page template: index
2023-05-15 16:24:01,982 INFO [restartedMain] o.s.b.d.a.OptionalLiveReloadServer [OptionalLiveReloadServer.java:59] LiveReload server is running on port 35729
2023-05-15 16:24:01,990 INFO [restartedMain] o.a.c.h.Http11NioProtocol [DirectJDKLog.java:173] Starting ProtocolHandler ["http-nio-8080"]
2023-05-15 16:24:02,008 INFO [restartedMain] o.s.b.w.e.t.TomcatWebServer [TomcatWebServer.java:220] Tomcat started on port(s): 8080 (http) with context path '/community'
2023-05-15 16:24:02,016 INFO [restartedMain] c.n.c.Demo3Application [StartupInfoLogger.java:57] Started Demo3Application in 2.885 seconds (process running for 3.317)
2023-05-15 16:24:14,610 INFO [http-nio-8080-exec-1] o.a.c.c.C.[.[.[/community] [DirectJDKLog.java:173] Initializing Spring DispatcherServlet 'dispatcherServlet'
2023-05-15 16:24:14,611 INFO [http-nio-8080-exec-1] o.s.w.s.DispatcherServlet [FrameworkServlet.java:532] Initializing Servlet 'dispatcherServlet'
2023-05-15 16:24:14,612 INFO [http-nio-8080-exec-1] o.s.w.s.DispatcherServlet [FrameworkServlet.java:554] Completed initialization in 0 ms
2023-05-15 16:24:14,664 INFO [http-nio-8080-exec-1] c.z.h.HikariDataSource [HikariDataSource.java:110] HikariPool-1 - Starting...
2023-05-15 16:24:14,772 INFO [http-nio-8080-exec-1] c.z.h.p.HikariPool [HikariPool.java:565] HikariPool-1 - Added connection com.mysql.cj.jdbc.ConnectionImpl@759c6f5b
2023-05-15 16:24:14,774 INFO [http-nio-8080-exec-1] c.z.h.HikariDataSource [HikariDataSource.java:123] HikariPool-1 - Start completed.
2023-05-15 16:40:18,545 INFO [SpringApplicationShutdownHook] c.z.h.HikariDataSource [HikariDataSource.java:350] HikariPool-1 - Shutdown initiated...
2023-05-15 16:40:18,546 INFO [SpringApplicationShutdownHook] c.z.h.HikariDataSource [HikariDataSource.java:352] HikariPool-1 - Shutdown completed.
2023-05-15 16:40:21,335 INFO [restartedMain] c.n.c.Demo3Application [StartupInfoLogger.java:51] Starting Demo3Application using Java 17.0.6 with PID 10904 (E:\work\project\community\target\classes started by Dyouble in E:\work\project\community)
2023-05-15 16:40:21,337 INFO [restartedMain] c.n.c.Demo3Application [SpringApplication.java:632] No active profile set, falling back to 1 default profile: "default"
2023-05-15 16:40:21,381 INFO [restartedMain] o.s.b.d.e.DevToolsPropertyDefaultsPostProcessor [DeferredLog.java:250] Devtools property defaults active! Set 'spring.devtools.add-properties' to 'false' to disable
2023-05-15 16:40:21,382 INFO [restartedMain] o.s.b.d.e.DevToolsPropertyDefaultsPostProcessor [DeferredLog.java:250] For additional web related logging consider setting the 'logging.level.web' property to 'DEBUG'
2023-05-15 16:40:22,591 INFO [restartedMain] o.s.b.w.e.t.TomcatWebServer [TomcatWebServer.java:108] Tomcat initialized with port(s): 8080 (http)
2023-05-15 16:40:22,610 INFO [restartedMain] o.a.c.h.Http11NioProtocol [DirectJDKLog.java:173] Initializing ProtocolHandler ["http-nio-8080"]
2023-05-15 16:40:22,612 INFO [restartedMain] o.a.c.c.StandardService [DirectJDKLog.java:173] Starting service [Tomcat]
2023-05-15 16:40:22,621 INFO [restartedMain] o.a.c.c.StandardEngine [DirectJDKLog.java:173] Starting Servlet engine: [Apache Tomcat/10.1.5]
2023-05-15 16:40:22,709 INFO [restartedMain] o.a.c.c.C.[.[.[/community] [DirectJDKLog.java:173] Initializing Spring embedded WebApplicationContext
2023-05-15 16:40:22,713 INFO [restartedMain] o.s.b.w.s.c.ServletWebServerApplicationContext [ServletWebServerApplicationContext.java:291] Root WebApplicationContext: initialization completed in 1326 ms
2023-05-15 16:40:23,362 INFO [restartedMain] o.s.b.a.w.s.WelcomePageHandlerMapping [WelcomePageHandlerMapping.java:56] Adding welcome page template: index
2023-05-15 16:40:23,633 INFO [restartedMain] o.s.b.d.a.OptionalLiveReloadServer [OptionalLiveReloadServer.java:59] LiveReload server is running on port 35729
2023-05-15 16:40:23,646 INFO [restartedMain] o.a.c.h.Http11NioProtocol [DirectJDKLog.java:173] Starting ProtocolHandler ["http-nio-8080"]
2023-05-15 16:40:23,677 INFO [restartedMain] o.s.b.w.e.t.TomcatWebServer [TomcatWebServer.java:220] Tomcat started on port(s): 8080 (http) with context path '/community'
2023-05-15 16:40:23,696 INFO [restartedMain] c.n.c.Demo3Application [StartupInfoLogger.java:57] Started Demo3Application in 2.822 seconds (process running for 3.165)
2023-05-15 16:40:23,798 INFO [http-nio-8080-exec-1] o.a.c.c.C.[.[.[/community] [DirectJDKLog.java:173] Initializing Spring DispatcherServlet 'dispatcherServlet'
2023-05-15 16:40:23,798 INFO [http-nio-8080-exec-1] o.s.w.s.DispatcherServlet [FrameworkServlet.java:532] Initializing Servlet 'dispatcherServlet'
2023-05-15 16:40:23,799 INFO [http-nio-8080-exec-1] o.s.w.s.DispatcherServlet [FrameworkServlet.java:554] Completed initialization in 1 ms
2023-05-15 16:42:14,372 INFO [http-nio-8080-exec-3] c.z.h.HikariDataSource [HikariDataSource.java:110] HikariPool-1 - Starting...
2023-05-15 16:42:14,495 INFO [http-nio-8080-exec-3] c.z.h.p.HikariPool [HikariPool.java:565] HikariPool-1 - Added connection com.mysql.cj.jdbc.ConnectionImpl@3be63b41
2023-05-15 16:42:14,496 INFO [http-nio-8080-exec-3] c.z.h.HikariDataSource [HikariDataSource.java:123] HikariPool-1 - Start completed.
2023-05-15 17:01:58,959 INFO [SpringApplicationShutdownHook] c.z.h.HikariDataSource [HikariDataSource.java:350] HikariPool-1 - Shutdown initiated...
2023-05-15 17:01:58,965 INFO [SpringApplicationShutdownHook] c.z.h.HikariDataSource [HikariDataSource.java:352] HikariPool-1 - Shutdown completed.
2023-05-15 17:02:02,321 INFO [restartedMain] c.n.c.Demo3Application [StartupInfoLogger.java:51] Starting Demo3Application using Java 17.0.6 with PID 11340 (E:\work\project\community\target\classes started by Dyouble in E:\work\project\community)
2023-05-15 17:02:02,324 INFO [restartedMain] c.n.c.Demo3Application [SpringApplication.java:632] No active profile set, falling back to 1 default profile: "default"
2023-05-15 17:02:02,377 INFO [restartedMain] o.s.b.d.e.DevToolsPropertyDefaultsPostProcessor [DeferredLog.java:250] Devtools property defaults active! Set 'spring.devtools.add-properties' to 'false' to disable
2023-05-15 17:02:02,377 INFO [restartedMain] o.s.b.d.e.DevToolsPropertyDefaultsPostProcessor [DeferredLog.java:250] For additional web related logging consider setting the 'logging.level.web' property to 'DEBUG'
2023-05-15 17:02:03,605 INFO [restartedMain] o.s.b.w.e.t.TomcatWebServer [TomcatWebServer.java:108] Tomcat initialized with port(s): 8080 (http)
2023-05-15 17:02:03,620 INFO [restartedMain] o.a.c.h.Http11NioProtocol [DirectJDKLog.java:173] Initializing ProtocolHandler ["http-nio-8080"]
2023-05-15 17:02:03,622 INFO [restartedMain] o.a.c.c.StandardService [DirectJDKLog.java:173] Starting service [Tomcat]
2023-05-15 17:02:03,623 INFO [restartedMain] o.a.c.c.StandardEngine [DirectJDKLog.java:173] Starting Servlet engine: [Apache Tomcat/10.1.5]
2023-05-15 17:02:03,687 INFO [restartedMain] o.a.c.c.C.[.[.[/community] [DirectJDKLog.java:173] Initializing Spring embedded WebApplicationContext
2023-05-15 17:02:03,688 INFO [restartedMain] o.s.b.w.s.c.ServletWebServerApplicationContext [ServletWebServerApplicationContext.java:291] Root WebApplicationContext: initialization completed in 1309 ms
2023-05-15 17:02:04,294 INFO [restartedMain] o.s.b.a.w.s.WelcomePageHandlerMapping [WelcomePageHandlerMapping.java:56] Adding welcome page template: index
2023-05-15 17:02:04,540 INFO [restartedMain] o.s.b.d.a.OptionalLiveReloadServer [OptionalLiveReloadServer.java:59] LiveReload server is running on port 35729
2023-05-15 17:02:04,553 INFO [restartedMain] o.a.c.h.Http11NioProtocol [DirectJDKLog.java:173] Starting ProtocolHandler ["http-nio-8080"]
2023-05-15 17:02:04,585 INFO [restartedMain] o.s.b.w.e.t.TomcatWebServer [TomcatWebServer.java:220] Tomcat started on port(s): 8080 (http) with context path '/community'
2023-05-15 17:02:04,603 INFO [restartedMain] c.n.c.Demo3Application [StartupInfoLogger.java:57] Started Demo3Application in 2.769 seconds (process running for 3.192)
2023-05-15 17:02:14,206 INFO [http-nio-8080-exec-1] o.a.c.c.C.[.[.[/community] [DirectJDKLog.java:173] Initializing Spring DispatcherServlet 'dispatcherServlet'
2023-05-15 17:02:14,206 INFO [http-nio-8080-exec-1] o.s.w.s.DispatcherServlet [FrameworkServlet.java:532] Initializing Servlet 'dispatcherServlet'
2023-05-15 17:02:14,206 INFO [http-nio-8080-exec-1] o.s.w.s.DispatcherServlet [FrameworkServlet.java:554] Completed initialization in 0 ms
2023-05-15 17:02:14,251 INFO [http-nio-8080-exec-1] c.z.h.HikariDataSource [HikariDataSource.java:110] HikariPool-1 - Starting...
2023-05-15 17:02:14,351 INFO [http-nio-8080-exec-1] c.z.h.p.HikariPool [HikariPool.java:565] HikariPool-1 - Added connection com.mysql.cj.jdbc.ConnectionImpl@280c8c3b
2023-05-15 17:02:14,354 INFO [http-nio-8080-exec-1] c.z.h.HikariDataSource [HikariDataSource.java:123] HikariPool-1 - Start completed.
2023-05-15 17:03:29,038 INFO [SpringApplicationShutdownHook] c.z.h.HikariDataSource [HikariDataSource.java:350] HikariPool-1 - Shutdown initiated...
2023-05-15 17:03:29,043 INFO [SpringApplicationShutdownHook] c.z.h.HikariDataSource [HikariDataSource.java:352] HikariPool-1 - Shutdown completed.
